This is pdfTeX, Version 3.1415926-1.40.10 (TeX Live 2009/Debian) (format=latex 2013.4.2)  16 JUL 2014 15:23
entering extended mode
 %&-line parsing enabled.
**manual.tex
(./manual.tex
LaTeX2e <2009/09/24>
Babel <v3.8l> and hyphenation patterns for english, usenglishmax, dumylang, noh
yphenation, pinyin, loaded.
(/usr/share/texmf-texlive/tex/latex/base/article.cls
Document Class: article 2007/10/19 v1.4h Standard LaTeX document class
(/usr/share/texmf-texlive/tex/latex/base/size12.clo
File: size12.clo 2007/10/19 v1.4h Standard LaTeX file (size option)
)
\c@part=\count79
\c@section=\count80
\c@subsection=\count81
\c@subsubsection=\count82
\c@paragraph=\count83
\c@subparagraph=\count84
\c@figure=\count85
\c@table=\count86
\abovecaptionskip=\skip41
\belowcaptionskip=\skip42
\bibindent=\dimen102
) (./html.sty
Package: html 1996/02/01 v1.0 hypertext commands for latex2html (nd, hs)
\c@lpart=\count87
\c@lchapter=\count88
\c@lsection=\count89
\c@lsubsection=\count90
\c@lsubsubsection=\count91
\c@lparagraph=\count92
\c@lsubparagraph=\count93
\c@lsubsubparagraph=\count94
\c@lequation=\count95
)
(/usr/share/texmf-texlive/tex/latex/amsfonts/amsfonts.sty
Package: amsfonts 2009/06/22 v3.00 Basic AMSFonts support
\@emptytoks=\toks14
\symAMSa=\mathgroup4
\symAMSb=\mathgroup5
LaTeX Font Info:    Overwriting math alphabet `\mathfrak' in version `bold'
(Font)                  U/euf/m/n --> U/euf/b/n on input line 96.
)
No file manual.aux.
\openout1 = `manual.aux'.

LaTeX Font Info:    Checking defaults for OML/cmm/m/it on input line 8.
LaTeX Font Info:    ... okay on input line 8.
LaTeX Font Info:    Checking defaults for T1/cmr/m/n on input line 8.
LaTeX Font Info:    ... okay on input line 8.
LaTeX Font Info:    Checking defaults for OT1/cmr/m/n on input line 8.
LaTeX Font Info:    ... okay on input line 8.
LaTeX Font Info:    Checking defaults for OMS/cmsy/m/n on input line 8.
LaTeX Font Info:    ... okay on input line 8.
LaTeX Font Info:    Checking defaults for OMX/cmex/m/n on input line 8.
LaTeX Font Info:    ... okay on input line 8.
LaTeX Font Info:    Checking defaults for U/cmr/m/n on input line 8.
LaTeX Font Info:    ... okay on input line 8.
LaTeX Font Info:    Try loading font information for U+msa on input line 24.
(/usr/share/texmf-texlive/tex/latex/amsfonts/umsa.fd
File: umsa.fd 2009/06/22 v3.00 AMS symbols A
)
LaTeX Font Info:    Try loading font information for U+msb on input line 24.

(/usr/share/texmf-texlive/tex/latex/amsfonts/umsb.fd
File: umsb.fd 2009/06/22 v3.00 AMS symbols B
)

LaTeX Warning: Reference `Input Formats' on page 1 undefined on input line 37.


LaTeX Warning: Citation `bef00' on page 1 undefined on input line 41.


LaTeX Warning: Reference `Installation' on page 1 undefined on input line 49.

[1

]

LaTeX Warning: Reference `tab:files' on page 2 undefined on input line 84.

[2] [3] [4] [5]

LaTeX Warning: Reference `Automatic Method Proposal' on page 6 undefined on inp
ut line 286.


LaTeX Warning: Reference `Example' on page 6 undefined on input line 288.

[6]

LaTeX Warning: Reference `tab:methods' on page 7 undefined on input line 310.


LaTeX Warning: Reference `Automatic Method Proposal' on page 7 undefined on inp
ut line 316.


Underfull \hbox (badness 10000) in paragraph at lines 321--321
[]\OT1/cmr/m/n/12 needed
 []


Underfull \hbox (badness 1231) in paragraph at lines 333--335
\OT1/cmr/m/n/12 suited for near--simplicial poly-topes,
 []


Underfull \hbox (badness 10000) in paragraph at lines 340--341
[]\OT1/cmtt/m/n/12 .ext
 []


Underfull \hbox (badness 2495) in paragraph at lines 341--343
[]\OT1/cmr/m/n/12 Lawrence's for-mula, only for non--
 []


Underfull \hbox (badness 3668) in paragraph at lines 341--343
\OT1/cmr/m/n/12 degenerate (sim-ple) poly-topes; ex-
 []

[7] [8]

LaTeX Warning: Reference `Adopting the Code' on page 9 undefined on input line 
368.

LaTeX Font Info:    Try loading font information for OMS+cmr on input line 390.

(/usr/share/texmf-texlive/tex/latex/base/omscmr.fd
File: omscmr.fd 1999/05/25 v2.5h Standard LaTeX font definitions
)
LaTeX Font Info:    Font shape `OMS/cmr/m/n' in size <12> not available
(Font)              Font shape `OMS/cmsy/m/n' tried instead on input line 390.
 [9] [10] [11] (./manual.aux)

LaTeX Warning: There were undefined references.


LaTeX Warning: Label(s) may have changed. Rerun to get cross-references right.

 ) 
Here is how much of TeX's memory you used:
 458 strings out of 495047
 5441 string characters out of 1181961
 55701 words of memory out of 3000000
 3691 multiletter control sequences out of 15000+50000
 13521 words of font info for 52 fonts, out of 3000000 for 9000
 28 hyphenation exceptions out of 8191
 22i,10n,22p,471b,254s stack positions out of 5000i,500n,10000p,200000b,50000s

Output written on manual.dvi (11 pages, 22120 bytes).
